<?xml version="1.0" encoding="UTF-8"?>
<!-- Generated by org.testng.reporters.JUnitReportReporter -->
<testsuite skipped="0" hostname="VA-LAP-456" name="usda.urla.poc.NewTest" tests="1" failures="0" timestamp="2020-12-04T14:45:24 EST" time="0.007" errors="0">
  <testcase name="f" time="0.007" classname="usda.urla.poc.NewTest"/>
  <system-out/>
</testsuite> <!-- usda.urla.poc.NewTest -->
