<?xml version="1.0" encoding="UTF-8"?>
<!-- Generated by org.testng.reporters.JUnitReportReporter -->
<testsuite skipped="0" hostname="VA-LAP-456" name="usda.urla.poc.SearchInJPTest" tests="1" failures="0" timestamp="2020-12-07T15:36:24 EST" time="22.305" errors="0">
  <testcase name="f" time="22.305" classname="usda.urla.poc.SearchInJPTest"/>
  <system-out/>
</testsuite> <!-- usda.urla.poc.SearchInJPTest -->
