<?xml version="1.0" encoding="UTF-8"?>
<!-- Generated by org.testng.reporters.JUnitReportReporter -->
<testsuite skipped="0" hostname="VA-LAP-456" name="usda.urla.poc.SearchInGoogleTest" tests="1" failures="0" timestamp="2020-12-07T15:36:24 EST" time="11.384" errors="0">
  <testcase name="f" time="11.384" classname="usda.urla.poc.SearchInGoogleTest"/>
  <system-out/>
</testsuite> <!-- usda.urla.poc.SearchInGoogleTest -->
