<?xml version="1.0" encoding="UTF-8"?>
<!-- Generated by org.testng.reporters.JUnitReportReporter -->
<testsuite skipped="0" hostname="VA-LAP-456" name="usda.urla.poc.SearchInGoogleTest" tests="1" failures="0" timestamp="07 Dec 2020 20:37:14 GMT" time="11.263" errors="0">
  <testcase name="f" time="11.263" classname="usda.urla.poc.SearchInGoogleTest"/>
</testsuite> <!-- usda.urla.poc.SearchInGoogleTest -->
