<?xml version="1.0" encoding="UTF-8"?>
<!-- Generated by org.testng.reporters.JUnitReportReporter -->
<testsuite skipped="0" hostname="VA-LAP-456" name="usda.urla.poc.SearchInJPTest" tests="1" failures="0" timestamp="07 Dec 2020 20:37:14 GMT" time="18.548" errors="0">
  <testcase name="f" time="18.548" classname="usda.urla.poc.SearchInJPTest"/>
</testsuite> <!-- usda.urla.poc.SearchInJPTest -->
