<?xml version="1.0" encoding="UTF-8"?>
<!-- Generated by org.testng.reporters.JUnitReportReporter -->
<testsuite skipped="0" hostname="VA-LAP-456" name="usda.urla.poc.SearchInJPTest" tests="1" failures="0" timestamp="15 Jul 2023 16:16:03 GMT" time="7.212" errors="0">
  <testcase name="f" time="7.212" classname="usda.urla.poc.SearchInJPTest"/>
</testsuite> <!-- usda.urla.poc.SearchInJPTest -->
